This is XeTeX, Version 3.14159265-2.6-0.999992 (TeX Live 2020/W32TeX) (preloaded format=xelatex 2021.2.21)  22 FEB 2021 01:15
entering extended mode
 restricted \write18 enabled.
 file:line:error style messages enabled.
 %&-line parsing enabled.
**solution.tex
(./solution.tex
LaTeX2e <2020-10-01> patch level 4
L3 programming layer <2021-02-18>
(c:/texlive/2020/texmf-dist/tex/latex/base/article.cls
Document Class: article 2020/04/10 v1.4m Standard LaTeX document class
(c:/texlive/2020/texmf-dist/tex/latex/base/size10.clo
File: size10.clo 2020/04/10 v1.4m Standard LaTeX file (size option)
)
\c@part=\count175
\c@section=\count176
\c@subsection=\count177
\c@subsubsection=\count178
\c@paragraph=\count179
\c@subparagraph=\count180
\c@figure=\count181
\c@table=\count182
\abovecaptionskip=\skip47
\belowcaptionskip=\skip48
\bibindent=\dimen138
)
(c:/texlive/2020/texmf-dist/tex/latex/pdfpages/pdfpages.sty
Package: pdfpages 2021/02/05 v0.5s Insert pages of external PDF documents (AM)

(c:/texlive/2020/texmf-dist/tex/latex/base/ifthen.sty
Package: ifthen 2014/09/29 v1.1c Standard LaTeX ifthen package (DPC)
)
(c:/texlive/2020/texmf-dist/tex/latex/tools/calc.sty
Package: calc 2017/05/25 v4.3 Infix arithmetic (KKT,FJ)
\calc@Acount=\count183
\calc@Bcount=\count184
\calc@Adimen=\dimen139
\calc@Bdimen=\dimen140
\calc@Askip=\skip49
\calc@Bskip=\skip50
LaTeX Info: Redefining \setlength on input line 80.
LaTeX Info: Redefining \addtolength on input line 81.
\calc@Ccount=\count185
\calc@Cskip=\skip51
)
(c:/texlive/2020/texmf-dist/tex/latex/eso-pic/eso-pic.sty
Package: eso-pic 2020/10/14 v3.0a eso-pic (RN)
\ESO@tempdima=\dimen141
\ESO@tempdimb=\dimen142

(c:/texlive/2020/texmf-dist/tex/latex/graphics/keyval.sty
Package: keyval 2014/10/28 v1.15 key=value parser (DPC)
\KV@toks@=\toks15
)
(c:/texlive/2020/texmf-dist/tex/latex/xcolor/xcolor.sty
Package: xcolor 2016/05/11 v2.12 LaTeX color extensions (UK)

(c:/texlive/2020/texmf-dist/tex/latex/graphics-cfg/color.cfg
File: color.cfg 2016/01/02 v1.6 sample color configuration
)
Package xcolor Info: Driver file: xetex.def on input line 225.

(c:/texlive/2020/texmf-dist/tex/latex/graphics-def/xetex.def
File: xetex.def 2020/08/26 v5.0i Graphics/color driver for xetex
)
Package xcolor Info: Model `cmy' substituted by `cmy0' on input line 1348.
Package xcolor Info: Model `RGB' extended on input line 1364.
Package xcolor Info: Model `HTML' substituted by `rgb' on input line 1366.
Package xcolor Info: Model `Hsb' substituted by `hsb' on input line 1367.
Package xcolor Info: Model `tHsb' substituted by `hsb' on input line 1368.
Package xcolor Info: Model `HSB' substituted by `hsb' on input line 1369.
Package xcolor Info: Model `Gray' substituted by `gray' on input line 1370.
Package xcolor Info: Model `wave' substituted by `hsb' on input line 1371.
))
(c:/texlive/2020/texmf-dist/tex/latex/graphics/graphicx.sty
Package: graphicx 2020/09/09 v1.2b Enhanced LaTeX Graphics (DPC,SPQR)

(c:/texlive/2020/texmf-dist/tex/latex/graphics/graphics.sty
Package: graphics 2020/08/30 v1.4c Standard LaTeX Graphics (DPC,SPQR)

(c:/texlive/2020/texmf-dist/tex/latex/graphics/trig.sty
Package: trig 2016/01/03 v1.10 sin cos tan (DPC)
)
(c:/texlive/2020/texmf-dist/tex/latex/graphics-cfg/graphics.cfg
File: graphics.cfg 2016/06/04 v1.11 sample graphics configuration
)
Package graphics Info: Driver file: xetex.def on input line 105.
)
\Gin@req@height=\dimen143
\Gin@req@width=\dimen144
)
\AM@pagewidth=\dimen145
\AM@pageheight=\dimen146
\AM@fboxrule=\dimen147

(c:/texlive/2020/texmf-dist/tex/latex/pdfpages/ppxetex.def
File: ppxetex.def 2021/02/05 v0.5s Pdfpages driver for XeTeX (AM)
)
\pdfpages@includegraphics@status=\count186
\AM@pagebox=\box47
\AM@global@opts=\toks16
\AM@pagecnt=\count187
\AM@toc@title=\toks17
\c@AM@survey=\count188
\AM@templatesizebox=\box48
)
(c:/texlive/2020/texmf-dist/tex/latex/amsfonts/amssymb.sty
Package: amssymb 2013/01/14 v3.01 AMS font symbols

(c:/texlive/2020/texmf-dist/tex/latex/amsfonts/amsfonts.sty
Package: amsfonts 2013/01/14 v3.01 Basic AMSFonts support
\@emptytoks=\toks18
\symAMSa=\mathgroup4
\symAMSb=\mathgroup5
LaTeX Font Info:    Redeclaring math symbol \hbar on input line 98.
LaTeX Font Info:    Overwriting math alphabet `\mathfrak' in version `bold'
(Font)                  U/euf/m/n --> U/euf/b/n on input line 106.
))
(c:/texlive/2020/texmf-dist/tex/latex/amsmath/amsmath.sty
Package: amsmath 2020/09/23 v2.17i AMS math features
\@mathmargin=\skip52

For additional information on amsmath, use the `?' option.
(c:/texlive/2020/texmf-dist/tex/latex/amsmath/amstext.sty
Package: amstext 2000/06/29 v2.01 AMS text

(c:/texlive/2020/texmf-dist/tex/latex/amsmath/amsgen.sty
File: amsgen.sty 1999/11/30 v2.0 generic functions
\@emptytoks=\toks19
\ex@=\dimen148
))
(c:/texlive/2020/texmf-dist/tex/latex/amsmath/amsbsy.sty
Package: amsbsy 1999/11/29 v1.2d Bold Symbols
\pmbraise@=\dimen149
)
(c:/texlive/2020/texmf-dist/tex/latex/amsmath/amsopn.sty
Package: amsopn 2016/03/08 v2.02 operator names
)
\inf@bad=\count189
LaTeX Info: Redefining \frac on input line 234.
\uproot@=\count190
\leftroot@=\count191
LaTeX Info: Redefining \overline on input line 399.
\classnum@=\count192
\DOTSCASE@=\count193
LaTeX Info: Redefining \ldots on input line 496.
LaTeX Info: Redefining \dots on input line 499.
LaTeX Info: Redefining \cdots on input line 620.
\Mathstrutbox@=\box49
\strutbox@=\box50
\big@size=\dimen150
LaTeX Font Info:    Redeclaring font encoding OML on input line 743.
LaTeX Font Info:    Redeclaring font encoding OMS on input line 744.
\macc@depth=\count194
\c@MaxMatrixCols=\count195
\dotsspace@=\muskip16
\c@parentequation=\count196
\dspbrk@lvl=\count197
\tag@help=\toks20
\row@=\count198
\column@=\count199
\maxfields@=\count266
\andhelp@=\toks21
\eqnshift@=\dimen151
\alignsep@=\dimen152
\tagshift@=\dimen153
\tagwidth@=\dimen154
\totwidth@=\dimen155
\lineht@=\dimen156
\@envbody=\toks22
\multlinegap=\skip53
\multlinetaggap=\skip54
\mathdisplay@stack=\toks23
LaTeX Info: Redefining \[ on input line 2923.
LaTeX Info: Redefining \] on input line 2924.
)
(c:/texlive/2020/texmf-dist/tex/latex/amscls/amsthm.sty
Package: amsthm 2020/05/29 v2.20.6
\thm@style=\toks24
\thm@bodyfont=\toks25
\thm@headfont=\toks26
\thm@notefont=\toks27
\thm@headpunct=\toks28
\thm@preskip=\skip55
\thm@postskip=\skip56
\thm@headsep=\skip57
\dth@everypar=\toks29
)
(c:/texlive/2020/texmf-dist/tex/latex/jknapltx/mathrsfs.sty
Package: mathrsfs 1996/01/01 Math RSFS package v1.0 (jk)
\symrsfs=\mathgroup6
)
(c:/texlive/2020/texmf-dist/tex/latex/tools/indentfirst.sty
Package: indentfirst 1995/11/23 v1.03 Indent first paragraph (DPC)
)
\c@problem=\count267

(c:/texlive/2020/texmf-dist/tex/latex/l3backend/l3backend-xetex.def
File: l3backend-xetex.def 2021-02-18 L3 backend support: XeTeX

(|extractbb --version)
\c__kernel_sys_dvipdfmx_version_int=\count268
\l__color_backend_stack_int=\count269
\g__color_backend_stack_int=\count270
\g__graphics_track_int=\count271
\l__pdf_internal_box=\box51
\g__pdf_backend_object_int=\count272
\g__pdf_backend_annotation_int=\count273
\g__pdf_backend_link_int=\count274
)

LaTeX Warning: Unused global option(s):
    [a4papper].

(D:/github/Turing_Machine_for_Comparer/out/solution.aux)
\openout1 = `solution.aux'.

LaTeX Font Info:    Checking defaults for OML/cmm/m/it on input line 12.
LaTeX Font Info:    ... okay on input line 12.
LaTeX Font Info:    Checking defaults for OMS/cmsy/m/n on input line 12.
LaTeX Font Info:    ... okay on input line 12.
LaTeX Font Info:    Checking defaults for OT1/cmr/m/n on input line 12.
LaTeX Font Info:    ... okay on input line 12.
LaTeX Font Info:    Checking defaults for T1/cmr/m/n on input line 12.
LaTeX Font Info:    ... okay on input line 12.
LaTeX Font Info:    Checking defaults for TS1/cmr/m/n on input line 12.
LaTeX Font Info:    Trying to load font information for TS1+cmr on input line 1
2.

(c:/texlive/2020/texmf-dist/tex/latex/base/ts1cmr.fd
File: ts1cmr.fd 2019/12/16 v2.5j Standard LaTeX font definitions
)
LaTeX Font Info:    ... okay on input line 12.
LaTeX Font Info:    Checking defaults for TU/lmr/m/n on input line 12.
LaTeX Font Info:    ... okay on input line 12.
LaTeX Font Info:    Checking defaults for OMX/cmex/m/n on input line 12.
LaTeX Font Info:    ... okay on input line 12.
LaTeX Font Info:    Checking defaults for U/cmr/m/n on input line 12.
LaTeX Font Info:    ... okay on input line 12.

(c:/texlive/2020/texmf-dist/tex/latex/pdflscape/pdflscape.sty
Package: pdflscape 2019/12/05 v0.12 Display of landscape pages in PDF (HO)

(c:/texlive/2020/texmf-dist/tex/generic/iftex/iftex.sty
Package: iftex 2020/03/06 v1.0d TeX engine tests
)
(c:/texlive/2020/texmf-dist/tex/latex/graphics/lscape.sty
Package: lscape 2020/05/28 v3.02 Landscape Pages (DPC)
)
Package pdflscape Info: Auto-detected driver: dvipdfm (xetex) on input line 98.


(c:/texlive/2020/texmf-dist/tex/latex/base/atbegshi-ltx.sty
Package: atbegshi-ltx 2020/08/17 v1.0a Emulation of the original atbegshi packa
ge
with kernel methods
))
LaTeX Font Info:    Trying to load font information for U+msa on input line 20.


(c:/texlive/2020/texmf-dist/tex/latex/amsfonts/umsa.fd
File: umsa.fd 2013/01/14 v3.01 AMS symbols A
)
LaTeX Font Info:    Trying to load font information for U+msb on input line 20.


(c:/texlive/2020/texmf-dist/tex/latex/amsfonts/umsb.fd
File: umsb.fd 2013/01/14 v3.01 AMS symbols B
)
LaTeX Font Info:    Trying to load font information for U+rsfs on input line 20
.

(c:/texlive/2020/texmf-dist/tex/latex/jknapltx/ursfs.fd
File: ursfs.fd 1998/03/24 rsfs font definition file (jk)
)
Underfull \hbox (badness 10000) in paragraph at lines 19--22

 []


Underfull \hbox (badness 10000) in paragraph at lines 23--24

 []


Underfull \hbox (badness 10000) in paragraph at lines 33--35

 []


Underfull \hbox (badness 10000) in paragraph at lines 36--38

 []

./solution.tex:43: Missing $ inserted.
<inserted text> 
                $
l.43             \cdots &
                          \Lambda & \Lambda & \Lambda &
I've inserted a begin-math/end-math symbol since I think
you left one out. Proceed, with fingers crossed.

./solution.tex:43: Extra }, or forgotten $.
<template> \unskip \hfil }
                          \hskip \tabcolsep \hskip -.5\arrayrulewidth \vrule...
l.43             \cdots &
                          \Lambda & \Lambda & \Lambda &
I've deleted a group-closing symbol because it seems to be
spurious, as in `$x}$'. But perhaps the } is legitimate and
you forgot something else, as in `\hbox{$x}'. In such cases
the way to recover is to insert both the forgotten and the
deleted material, e.g., by typing `I$}'.

./solution.tex:43: Missing $ inserted.
<inserted text> 
                $
l.43             \cdots &
                          \Lambda & \Lambda & \Lambda &
I've inserted a begin-math/end-math symbol since I think
you left one out. Proceed, with fingers crossed.

./solution.tex:43: Missing } inserted.
<inserted text> 
                }
l.43             \cdots &
                          \Lambda & \Lambda & \Lambda &
I've inserted something that you may have forgotten.
(See the <inserted text> above.)
With luck, this will get me unwedged. But if you
really didn't forget anything, try typing `2' now; then
my insertion and my current dilemma will both disappear.

./solution.tex:43: Missing $ inserted.
<inserted text> 
                $
l.43             \cdots & \Lambda
                                  & \Lambda & \Lambda &
I've inserted a begin-math/end-math symbol since I think
you left one out. Proceed, with fingers crossed.

./solution.tex:43: Extra }, or forgotten $.
<template> \unskip \hfil }
                          \hskip \tabcolsep \hskip -.5\arrayrulewidth \vrule...
l.43             \cdots & \Lambda &
                                    \Lambda & \Lambda &
I've deleted a group-closing symbol because it seems to be
spurious, as in `$x}$'. But perhaps the } is legitimate and
you forgot something else, as in `\hbox{$x}'. In such cases
the way to recover is to insert both the forgotten and the
deleted material, e.g., by typing `I$}'.

./solution.tex:43: Missing $ inserted.
<inserted text> 
                $
l.43             \cdots & \Lambda &
                                    \Lambda & \Lambda &
I've inserted a begin-math/end-math symbol since I think
you left one out. Proceed, with fingers crossed.

./solution.tex:43: Missing } inserted.
<inserted text> 
                }
l.43             \cdots & \Lambda &
                                    \Lambda & \Lambda &
I've inserted something that you may have forgotten.
(See the <inserted text> above.)
With luck, this will get me unwedged. But if you
really didn't forget anything, try typing `2' now; then
my insertion and my current dilemma will both disappear.

./solution.tex:43: Missing $ inserted.
<inserted text> 
                $
l.43             \cdots & \Lambda & \Lambda
                                            & \Lambda &
I've inserted a begin-math/end-math symbol since I think
you left one out. Proceed, with fingers crossed.

./solution.tex:43: Extra }, or forgotten $.
<template> \unskip \hfil }
                          \hskip \tabcolsep \hskip -.5\arrayrulewidth \vrule...
l.43             \cdots & \Lambda & \Lambda &
                                              \Lambda &
I've deleted a group-closing symbol because it seems to be
spurious, as in `$x}$'. But perhaps the } is legitimate and
you forgot something else, as in `\hbox{$x}'. In such cases
the way to recover is to insert both the forgotten and the
deleted material, e.g., by typing `I$}'.

./solution.tex:43: Missing $ inserted.
<inserted text> 
                $
l.43             \cdots & \Lambda & \Lambda &
                                              \Lambda &
I've inserted a begin-math/end-math symbol since I think
you left one out. Proceed, with fingers crossed.

./solution.tex:43: Missing } inserted.
<inserted text> 
                }
l.43             \cdots & \Lambda & \Lambda &
                                              \Lambda &
I've inserted something that you may have forgotten.
(See the <inserted text> above.)
With luck, this will get me unwedged. But if you
really didn't forget anything, try typing `2' now; then
my insertion and my current dilemma will both disappear.

./solution.tex:43: Missing $ inserted.
<inserted text> 
                $
l.43 ...      \cdots & \Lambda & \Lambda & \Lambda
                                                   &
I've inserted a begin-math/end-math symbol since I think
you left one out. Proceed, with fingers crossed.

./solution.tex:43: Extra }, or forgotten $.
<template> \unskip \hfil }
                          \hskip \tabcolsep \hskip -.5\arrayrulewidth \vrule...
l.43 ...    \cdots & \Lambda & \Lambda & \Lambda &
                                                  
I've deleted a group-closing symbol because it seems to be
spurious, as in `$x}$'. But perhaps the } is legitimate and
you forgot something else, as in `\hbox{$x}'. In such cases
the way to recover is to insert both the forgotten and the
deleted material, e.g., by typing `I$}'.

./solution.tex:43: Missing $ inserted.
<inserted text> 
                $
l.43 ...    \cdots & \Lambda & \Lambda & \Lambda &
                                                  
I've inserted a begin-math/end-math symbol since I think
you left one out. Proceed, with fingers crossed.

./solution.tex:43: Missing } inserted.
<inserted text> 
                }
l.43 ...    \cdots & \Lambda & \Lambda & \Lambda &
                                                  
I've inserted something that you may have forgotten.
(See the <inserted text> above.)
With luck, this will get me unwedged. But if you
really didn't forget anything, try typing `2' now; then
my insertion and my current dilemma will both disappear.

./solution.tex:44: Missing $ inserted.
<inserted text> 
                $
l.44             S & b & b & \cdots &
                                      b & M & b & b &
I've inserted a begin-math/end-math symbol since I think
you left one out. Proceed, with fingers crossed.

./solution.tex:44: Extra }, or forgotten $.
<template> \unskip \hfil }
                          \hskip \tabcolsep \hskip -.5\arrayrulewidth \vrule...
l.44             S & b & b & \cdots &
                                      b & M & b & b &
I've deleted a group-closing symbol because it seems to be
spurious, as in `$x}$'. But perhaps the } is legitimate and
you forgot something else, as in `\hbox{$x}'. In such cases
the way to recover is to insert both the forgotten and the
deleted material, e.g., by typing `I$}'.

./solution.tex:44: Missing $ inserted.
<inserted text> 
                $
l.44             S & b & b & \cdots &
                                      b & M & b & b &
I've inserted a begin-math/end-math symbol since I think
you left one out. Proceed, with fingers crossed.

./solution.tex:44: Missing } inserted.
<inserted text> 
                }
l.44             S & b & b & \cdots &
                                      b & M & b & b &
I've inserted something that you may have forgotten.
(See the <inserted text> above.)
With luck, this will get me unwedged. But if you
really didn't forget anything, try typing `2' now; then
my insertion and my current dilemma will both disappear.

./solution.tex:45: Missing $ inserted.
<inserted text> 
                $
l.45             \cdots&
                         b & \Lambda & \Lambda & \cdots \\
I've inserted a begin-math/end-math symbol since I think
you left one out. Proceed, with fingers crossed.

./solution.tex:45: Extra }, or forgotten $.
<template> \unskip \hfil }
                          \hskip \tabcolsep \hskip -.5\arrayrulewidth \vrule...
l.45             \cdots&
                         b & \Lambda & \Lambda & \cdots \\
I've deleted a group-closing symbol because it seems to be
spurious, as in `$x}$'. But perhaps the } is legitimate and
you forgot something else, as in `\hbox{$x}'. In such cases
the way to recover is to insert both the forgotten and the
deleted material, e.g., by typing `I$}'.

./solution.tex:45: Missing $ inserted.
<inserted text> 
                $
l.45             \cdots&
                         b & \Lambda & \Lambda & \cdots \\
I've inserted a begin-math/end-math symbol since I think
you left one out. Proceed, with fingers crossed.

./solution.tex:45: Missing } inserted.
<inserted text> 
                }
l.45             \cdots&
                         b & \Lambda & \Lambda & \cdots \\
I've inserted something that you may have forgotten.
(See the <inserted text> above.)
With luck, this will get me unwedged. But if you
really didn't forget anything, try typing `2' now; then
my insertion and my current dilemma will both disappear.

./solution.tex:45: Missing $ inserted.
<inserted text> 
                $
l.45             \cdots& b & \Lambda
                                     & \Lambda & \cdots \\
I've inserted a begin-math/end-math symbol since I think
you left one out. Proceed, with fingers crossed.

./solution.tex:45: Extra }, or forgotten $.
<template> \unskip \hfil }
                          \hskip \tabcolsep \hskip -.5\arrayrulewidth \vrule...
l.45             \cdots& b & \Lambda &
                                       \Lambda & \cdots \\
I've deleted a group-closing symbol because it seems to be
spurious, as in `$x}$'. But perhaps the } is legitimate and
you forgot something else, as in `\hbox{$x}'. In such cases
the way to recover is to insert both the forgotten and the
deleted material, e.g., by typing `I$}'.

./solution.tex:45: Missing $ inserted.
<inserted text> 
                $
l.45             \cdots& b & \Lambda &
                                       \Lambda & \cdots \\
I've inserted a begin-math/end-math symbol since I think
you left one out. Proceed, with fingers crossed.

./solution.tex:45: Missing } inserted.
<inserted text> 
                }
l.45             \cdots& b & \Lambda &
                                       \Lambda & \cdots \\
I've inserted something that you may have forgotten.
(See the <inserted text> above.)
With luck, this will get me unwedged. But if you
really didn't forget anything, try typing `2' now; then
my insertion and my current dilemma will both disappear.

./solution.tex:45: Missing $ inserted.
<inserted text> 
                $
l.45             \cdots& b & \Lambda & \Lambda
                                               & \cdots \\
I've inserted a begin-math/end-math symbol since I think
you left one out. Proceed, with fingers crossed.

./solution.tex:45: Extra }, or forgotten $.
<template> \unskip \hfil }
                          \hskip \tabcolsep \hskip -.5\arrayrulewidth \vrule...
l.45             \cdots& b & \Lambda & \Lambda &
                                                 \cdots \\
I've deleted a group-closing symbol because it seems to be
spurious, as in `$x}$'. But perhaps the } is legitimate and
you forgot something else, as in `\hbox{$x}'. In such cases
the way to recover is to insert both the forgotten and the
deleted material, e.g., by typing `I$}'.

./solution.tex:45: Missing $ inserted.
<inserted text> 
                $
l.45             \cdots& b & \Lambda & \Lambda &
                                                 \cdots \\
I've inserted a begin-math/end-math symbol since I think
you left one out. Proceed, with fingers crossed.

./solution.tex:45: Missing } inserted.
<inserted text> 
                }
l.45             \cdots& b & \Lambda & \Lambda &
                                                 \cdots \\
I've inserted something that you may have forgotten.
(See the <inserted text> above.)
With luck, this will get me unwedged. But if you
really didn't forget anything, try typing `2' now; then
my insertion and my current dilemma will both disappear.

./solution.tex:45: Missing $ inserted.
<inserted text> 
                $
l.45 ... \cdots& b & \Lambda & \Lambda & \cdots \\
                                                  
I've inserted a begin-math/end-math symbol since I think
you left one out. Proceed, with fingers crossed.

./solution.tex:46: Extra }, or forgotten $.
<template> \unskip \hfil }
                          \hskip \tabcolsep \hskip -.5\arrayrulewidth \vrule...
l.46             \hline
                       
I've deleted a group-closing symbol because it seems to be
spurious, as in `$x}$'. But perhaps the } is legitimate and
you forgot something else, as in `\hbox{$x}'. In such cases
the way to recover is to insert both the forgotten and the
deleted material, e.g., by typing `I$}'.

./solution.tex:46: Missing $ inserted.
<inserted text> 
                $
l.46             \hline
                       
I've inserted a begin-math/end-math symbol since I think
you left one out. Proceed, with fingers crossed.

./solution.tex:46: Missing } inserted.
<inserted text> 
                }
l.46             \hline
                       
I've inserted something that you may have forgotten.
(See the <inserted text> above.)
With luck, this will get me unwedged. But if you
really didn't forget anything, try typing `2' now; then
my insertion and my current dilemma will both disappear.


Underfull \hbox (badness 10000) in paragraph at lines 51--52

 []


Underfull \hbox (badness 10000) in paragraph at lines 53--54

 []


Underfull \hbox (badness 10000) in paragraph at lines 66--67

 []


Underfull \hbox (badness 10000) in paragraph at lines 68--74

 []

[1

]
File: Comparator.gv.pdf Graphic file (type pdf)
<use Comparator.gv.pdf>
File: Comparator.gv.pdf Graphic file (type pdf)
<use Comparator.gv.pdf>
File: Comparator.gv.pdf Graphic file (type pdf)
<use Comparator.gv.pdf, page 1>
File: Comparator.gv.pdf Graphic file (type pdf)
<use Comparator.gv.pdf, page 1>
 [2]
File: Comparator.gv.pdf Graphic file (type pdf)
<use Comparator.gv.pdf, page 1>
File: Comparator.gv.pdf Graphic file (type pdf)
<use Comparator.gv.pdf, page 1>

./solution.tex:125: Undefined control sequence.
<argument> \undefinedpagestyle 
                               
l.125     \includepdf{Comparator.gv.pdf}
                                        
The control sequence at the end of the top line
of your error message was never \def'ed. If you have
misspelled it (e.g., `\hobx'), type `I' and the correct
spelling (e.g., `I\hbox'). Otherwise just continue,
and I'll forget about whatever was undefined.

File: Comparator.gv.pdf Graphic file (type pdf)
<use Comparator.gv.pdf, page 1>
[3]
Underfull \hbox (badness 10000) in paragraph at lines 127--130

 []


Underfull \hbox (badness 10000) in paragraph at lines 131--134

 []


Underfull \hbox (badness 10000) in paragraph at lines 131--134

 []


Underfull \hbox (badness 10000) in paragraph at lines 135--138

 []


Underfull \hbox (badness 10000) in paragraph at lines 139--140

 []


Underfull \hbox (badness 10000) in paragraph at lines 141--144

 []


Underfull \hbox (badness 10000) in paragraph at lines 156--157

 []

./solution.tex:164: Missing $ inserted.
<inserted text> 
                $
l.164             \cdots &
                           \Lambda & 0 & R & \Lambda & \cdots & \Lambda &
I've inserted a begin-math/end-math symbol since I think
you left one out. Proceed, with fingers crossed.

./solution.tex:164: Extra }, or forgotten $.
<template> \unskip \hfil }
                          \hskip \tabcolsep \hskip -.5\arrayrulewidth \vrule...
l.164             \cdots &
                           \Lambda & 0 & R & \Lambda & \cdots & \Lambda &
I've deleted a group-closing symbol because it seems to be
spurious, as in `$x}$'. But perhaps the } is legitimate and
you forgot something else, as in `\hbox{$x}'. In such cases
the way to recover is to insert both the forgotten and the
deleted material, e.g., by typing `I$}'.

./solution.tex:164: Missing $ inserted.
<inserted text> 
                $
l.164             \cdots &
                           \Lambda & 0 & R & \Lambda & \cdots & \Lambda &
I've inserted a begin-math/end-math symbol since I think
you left one out. Proceed, with fingers crossed.

./solution.tex:164: Missing } inserted.
<inserted text> 
                }
l.164             \cdots &
                           \Lambda & 0 & R & \Lambda & \cdots & \Lambda &
I've inserted something that you may have forgotten.
(See the <inserted text> above.)
With luck, this will get me unwedged. But if you
really didn't forget anything, try typing `2' now; then
my insertion and my current dilemma will both disappear.

./solution.tex:164: Missing $ inserted.
<inserted text> 
                $
l.164             \cdots & \Lambda
                                   & 0 & R & \Lambda & \cdots & \Lambda &
I've inserted a begin-math/end-math symbol since I think
you left one out. Proceed, with fingers crossed.

./solution.tex:164: Extra }, or forgotten $.
<template> \unskip \hfil }
                          \hskip \tabcolsep \hskip -.5\arrayrulewidth \vrule...
l.164             \cdots & \Lambda &
                                     0 & R & \Lambda & \cdots & \Lambda &
I've deleted a group-closing symbol because it seems to be
spurious, as in `$x}$'. But perhaps the } is legitimate and
you forgot something else, as in `\hbox{$x}'. In such cases
the way to recover is to insert both the forgotten and the
deleted material, e.g., by typing `I$}'.

./solution.tex:164: Missing $ inserted.
<inserted text> 
                $
l.164             \cdots & \Lambda &
                                     0 & R & \Lambda & \cdots & \Lambda &
I've inserted a begin-math/end-math symbol since I think
you left one out. Proceed, with fingers crossed.

./solution.tex:164: Missing } inserted.
<inserted text> 
                }
l.164             \cdots & \Lambda &
                                     0 & R & \Lambda & \cdots & \Lambda &
I've inserted something that you may have forgotten.
(See the <inserted text> above.)
With luck, this will get me unwedged. But if you
really didn't forget anything, try typing `2' now; then
my insertion and my current dilemma will both disappear.

./solution.tex:164: Missing $ inserted.
<inserted text> 
                $
l.164 ...       \cdots & \Lambda & 0 & R & \Lambda
                                                   & \cdots & \Lambda &
I've inserted a begin-math/end-math symbol since I think
you left one out. Proceed, with fingers crossed.

./solution.tex:164: Extra }, or forgotten $.
<template> \unskip \hfil }
                          \hskip \tabcolsep \hskip -.5\arrayrulewidth \vrule...
l.164 ...     \cdots & \Lambda & 0 & R & \Lambda &
                                                   \cdots & \Lambda &
I've deleted a group-closing symbol because it seems to be
spurious, as in `$x}$'. But perhaps the } is legitimate and
you forgot something else, as in `\hbox{$x}'. In such cases
the way to recover is to insert both the forgotten and the
deleted material, e.g., by typing `I$}'.

./solution.tex:164: Missing $ inserted.
<inserted text> 
                $
l.164 ...     \cdots & \Lambda & 0 & R & \Lambda &
                                                   \cdots & \Lambda &
I've inserted a begin-math/end-math symbol since I think
you left one out. Proceed, with fingers crossed.

./solution.tex:164: Missing } inserted.
<inserted text> 
                }
l.164 ...     \cdots & \Lambda & 0 & R & \Lambda &
                                                   \cdots & \Lambda &
I've inserted something that you may have forgotten.
(See the <inserted text> above.)
With luck, this will get me unwedged. But if you
really didn't forget anything, try typing `2' now; then
my insertion and my current dilemma will both disappear.

./solution.tex:164: Missing $ inserted.
<inserted text> 
                $
l.164 ...ts & \Lambda & 0 & R & \Lambda & \cdots &
                                                   \Lambda &
I've inserted a begin-math/end-math symbol since I think
you left one out. Proceed, with fingers crossed.

./solution.tex:164: Extra }, or forgotten $.
<template> \unskip \hfil }
                          \hskip \tabcolsep \hskip -.5\arrayrulewidth \vrule...
l.164 ...ts & \Lambda & 0 & R & \Lambda & \cdots &
                                                   \Lambda &
I've deleted a group-closing symbol because it seems to be
spurious, as in `$x}$'. But perhaps the } is legitimate and
you forgot something else, as in `\hbox{$x}'. In such cases
the way to recover is to insert both the forgotten and the
deleted material, e.g., by typing `I$}'.

./solution.tex:164: Missing $ inserted.
<inserted text> 
                $
l.164 ...ts & \Lambda & 0 & R & \Lambda & \cdots &
                                                   \Lambda &
I've inserted a begin-math/end-math symbol since I think
you left one out. Proceed, with fingers crossed.

./solution.tex:164: Missing } inserted.
<inserted text> 
                }
l.164 ...ts & \Lambda & 0 & R & \Lambda & \cdots &
                                                   \Lambda &
I've inserted something that you may have forgotten.
(See the <inserted text> above.)
With luck, this will get me unwedged. But if you
really didn't forget anything, try typing `2' now; then
my insertion and my current dilemma will both disappear.

./solution.tex:164: Missing $ inserted.
<inserted text> 
                $
l.164 ...mbda & 0 & R & \Lambda & \cdots & \Lambda
                                                   &
I've inserted a begin-math/end-math symbol since I think
you left one out. Proceed, with fingers crossed.

./solution.tex:164: Extra }, or forgotten $.
<template> \unskip \hfil }
                          \hskip \tabcolsep \hskip -.5\arrayrulewidth \vrule...
l.164 ...da & 0 & R & \Lambda & \cdots & \Lambda &
                                                  
I've deleted a group-closing symbol because it seems to be
spurious, as in `$x}$'. But perhaps the } is legitimate and
you forgot something else, as in `\hbox{$x}'. In such cases
the way to recover is to insert both the forgotten and the
deleted material, e.g., by typing `I$}'.

./solution.tex:164: Missing $ inserted.
<inserted text> 
                $
l.164 ...da & 0 & R & \Lambda & \cdots & \Lambda &
                                                  
I've inserted a begin-math/end-math symbol since I think
you left one out. Proceed, with fingers crossed.

./solution.tex:164: Missing } inserted.
<inserted text> 
                }
l.164 ...da & 0 & R & \Lambda & \cdots & \Lambda &
                                                  
I've inserted something that you may have forgotten.
(See the <inserted text> above.)
With luck, this will get me unwedged. But if you
really didn't forget anything, try typing `2' now; then
my insertion and my current dilemma will both disappear.

./solution.tex:165: Missing $ inserted.
<inserted text> 
                $
l.165             S & b & \cdots &
                                   b & M & b &
I've inserted a begin-math/end-math symbol since I think
you left one out. Proceed, with fingers crossed.

./solution.tex:165: Extra }, or forgotten $.
<template> \unskip \hfil }
                          \hskip \tabcolsep \hskip -.5\arrayrulewidth \vrule...
l.165             S & b & \cdots &
                                   b & M & b &
I've deleted a group-closing symbol because it seems to be
spurious, as in `$x}$'. But perhaps the } is legitimate and
you forgot something else, as in `\hbox{$x}'. In such cases
the way to recover is to insert both the forgotten and the
deleted material, e.g., by typing `I$}'.

./solution.tex:165: Missing $ inserted.
<inserted text> 
                $
l.165             S & b & \cdots &
                                   b & M & b &
I've inserted a begin-math/end-math symbol since I think
you left one out. Proceed, with fingers crossed.

./solution.tex:165: Missing } inserted.
<inserted text> 
                }
l.165             S & b & \cdots &
                                   b & M & b &
I've inserted something that you may have forgotten.
(See the <inserted text> above.)
With luck, this will get me unwedged. But if you
really didn't forget anything, try typing `2' now; then
my insertion and my current dilemma will both disappear.

./solution.tex:166: Missing $ inserted.
<inserted text> 
                $
l.166             \cdots&
                          b & \Lambda & \cdots \\
I've inserted a begin-math/end-math symbol since I think
you left one out. Proceed, with fingers crossed.

./solution.tex:166: Extra }, or forgotten $.
<template> \unskip \hfil }
                          \hskip \tabcolsep \hskip -.5\arrayrulewidth \vrule...
l.166             \cdots&
                          b & \Lambda & \cdots \\
I've deleted a group-closing symbol because it seems to be
spurious, as in `$x}$'. But perhaps the } is legitimate and
you forgot something else, as in `\hbox{$x}'. In such cases
the way to recover is to insert both the forgotten and the
deleted material, e.g., by typing `I$}'.

./solution.tex:166: Missing $ inserted.
<inserted text> 
                $
l.166             \cdots&
                          b & \Lambda & \cdots \\
I've inserted a begin-math/end-math symbol since I think
you left one out. Proceed, with fingers crossed.

./solution.tex:166: Missing } inserted.
<inserted text> 
                }
l.166             \cdots&
                          b & \Lambda & \cdots \\
I've inserted something that you may have forgotten.
(See the <inserted text> above.)
With luck, this will get me unwedged. But if you
really didn't forget anything, try typing `2' now; then
my insertion and my current dilemma will both disappear.

./solution.tex:166: Missing $ inserted.
<inserted text> 
                $
l.166             \cdots& b & \Lambda
                                      & \cdots \\
I've inserted a begin-math/end-math symbol since I think
you left one out. Proceed, with fingers crossed.

./solution.tex:166: Extra }, or forgotten $.
<template> \unskip \hfil }
                          \hskip \tabcolsep \hskip -.5\arrayrulewidth \vrule...
l.166             \cdots& b & \Lambda &
                                        \cdots \\
I've deleted a group-closing symbol because it seems to be
spurious, as in `$x}$'. But perhaps the } is legitimate and
you forgot something else, as in `\hbox{$x}'. In such cases
the way to recover is to insert both the forgotten and the
deleted material, e.g., by typing `I$}'.

./solution.tex:166: Missing $ inserted.
<inserted text> 
                $
l.166             \cdots& b & \Lambda &
                                        \cdots \\
I've inserted a begin-math/end-math symbol since I think
you left one out. Proceed, with fingers crossed.

./solution.tex:166: Missing } inserted.
<inserted text> 
                }
l.166             \cdots& b & \Lambda &
                                        \cdots \\
I've inserted something that you may have forgotten.
(See the <inserted text> above.)
With luck, this will get me unwedged. But if you
really didn't forget anything, try typing `2' now; then
my insertion and my current dilemma will both disappear.

./solution.tex:166: Missing $ inserted.
<inserted text> 
                $
l.166             \cdots& b & \Lambda & \cdots \\
                                                 
I've inserted a begin-math/end-math symbol since I think
you left one out. Proceed, with fingers crossed.

./solution.tex:167: Extra }, or forgotten $.
<template> \unskip \hfil }
                          \hskip \tabcolsep \hskip -.5\arrayrulewidth \vrule...
l.167             \hline
                        
I've deleted a group-closing symbol because it seems to be
spurious, as in `$x}$'. But perhaps the } is legitimate and
you forgot something else, as in `\hbox{$x}'. In such cases
the way to recover is to insert both the forgotten and the
deleted material, e.g., by typing `I$}'.

./solution.tex:167: Missing $ inserted.
<inserted text> 
                $
l.167             \hline
                        
I've inserted a begin-math/end-math symbol since I think
you left one out. Proceed, with fingers crossed.

./solution.tex:167: Missing } inserted.
<inserted text> 
                }
l.167             \hline
                        
I've inserted something that you may have forgotten.
(See the <inserted text> above.)
With luck, this will get me unwedged. But if you
really didn't forget anything, try typing `2' now; then
my insertion and my current dilemma will both disappear.


Underfull \hbox (badness 10000) in paragraph at lines 172--175

 []


Underfull \hbox (badness 10000) in paragraph at lines 176--183

 []

[4]
./solution.tex:247: Missing $ inserted.
<inserted text> 
                $
l.247 
      
I've inserted a begin-math/end-math symbol since I think
you left one out. Proceed, with fingers crossed.

./solution.tex:247: Missing } inserted.
<inserted text> 
                }
l.247 
      
I've inserted something that you may have forgotten.
(See the <inserted text> above.)
With luck, this will get me unwedged. But if you
really didn't forget anything, try typing `2' now; then
my insertion and my current dilemma will both disappear.

./solution.tex:247: Display math should end with $$.
<to be read again> 
                   \@@par 
l.247 
      
The `$' that I just saw supposedly matches a previous `$$'.
So I shall assume that you typed `$$' both times.

[5]
./solution.tex:247: Extra }, or forgotten \endgroup.
\par ...m \@noitemerr {\@@par }\fi \else {\@@par }
                                                  \fi 
l.247 
      
I've deleted a group-closing symbol because it seems to be
spurious, as in `$x}$'. But perhaps the } is legitimate and
you forgot something else, as in `\hbox{$x}'. In such cases
the way to recover is to insert both the forgotten and the
deleted material, e.g., by typing `I$}'.

./solution.tex:248: Missing $ inserted.
<inserted text> 
                $
l.248             (p, q) \mapsto
                                 (p, q, -1), \text{where } p \in \{1,0,S\}, ...
I've inserted a begin-math/end-math symbol since I think
you left one out. Proceed, with fingers crossed.

./solution.tex:249: Missing $ inserted.
<inserted text> 
                $
l.249         \]
                
I've inserted something that you may have forgotten.
(See the <inserted text> above.)
With luck, this will get me unwedged. But if you
really didn't forget anything, try typing `2' now; then
my insertion and my current dilemma will both disappear.

./solution.tex:279: Missing $ inserted.
<inserted text> 
                $
l.279 
      
I've inserted a begin-math/end-math symbol since I think
you left one out. Proceed, with fingers crossed.

./solution.tex:279: Missing } inserted.
<inserted text> 
                }
l.279 
      
I've inserted something that you may have forgotten.
(See the <inserted text> above.)
With luck, this will get me unwedged. But if you
really didn't forget anything, try typing `2' now; then
my insertion and my current dilemma will both disappear.

./solution.tex:279: Display math should end with $$.
<to be read again> 
                   \@@par 
l.279 
      
The `$' that I just saw supposedly matches a previous `$$'.
So I shall assume that you typed `$$' both times.

./solution.tex:279: Extra }, or forgotten \endgroup.
\par ...m \@noitemerr {\@@par }\fi \else {\@@par }
                                                  \fi 
l.279 
      
I've deleted a group-closing symbol because it seems to be
spurious, as in `$x}$'. But perhaps the } is legitimate and
you forgot something else, as in `\hbox{$x}'. In such cases
the way to recover is to insert both the forgotten and the
deleted material, e.g., by typing `I$}'.

./solution.tex:280: Missing $ inserted.
<inserted text> 
                $
l.280             (p, r_
                        f) \mapsto (p, r_f, -1), \text{where } p \in \{0,1,X...
I've inserted a begin-math/end-math symbol since I think
you left one out. Proceed, with fingers crossed.

./solution.tex:281: Missing $ inserted.
<inserted text> 
                $
l.281 
      
I've inserted a begin-math/end-math symbol since I think
you left one out. Proceed, with fingers crossed.

./solution.tex:281: Missing } inserted.
<inserted text> 
                }
l.281 
      
I've inserted something that you may have forgotten.
(See the <inserted text> above.)
With luck, this will get me unwedged. But if you
really didn't forget anything, try typing `2' now; then
my insertion and my current dilemma will both disappear.

./solution.tex:281: Extra }, or forgotten \endgroup.
\par ...m \@noitemerr {\@@par }\fi \else {\@@par }
                                                  \fi 
l.281 
      
I've deleted a group-closing symbol because it seems to be
spurious, as in `$x}$'. But perhaps the } is legitimate and
you forgot something else, as in `\hbox{$x}'. In such cases
the way to recover is to insert both the forgotten and the
deleted material, e.g., by typing `I$}'.

./solution.tex:282: Missing $ inserted.
<inserted text> 
                $
l.282             \begin{array}{ll}
                                   
I've inserted a begin-math/end-math symbol since I think
you left one out. Proceed, with fingers crossed.

./solution.tex:285: Missing $ inserted.
<inserted text> 
                $
l.285             \end{array}
                              \\
I've inserted something that you may have forgotten.
(See the <inserted text> above.)
With luck, this will get me unwedged. But if you
really didn't forget anything, try typing `2' now; then
my insertion and my current dilemma will both disappear.


Underfull \hbox (badness 10000) in paragraph at lines 282--286

 []

./solution.tex:287: Missing $ inserted.
<inserted text> 
                $
l.287             (p, q) \mapsto
                                 (p ,q, 1), \text{where } p \in \{\Lambda, R...
I've inserted a begin-math/end-math symbol since I think
you left one out. Proceed, with fingers crossed.

./solution.tex:288: Missing $ inserted.
<inserted text> 
                $
l.288 
      
I've inserted a begin-math/end-math symbol since I think
you left one out. Proceed, with fingers crossed.

./solution.tex:288: Missing } inserted.
<inserted text> 
                }
l.288 
      
I've inserted something that you may have forgotten.
(See the <inserted text> above.)
With luck, this will get me unwedged. But if you
really didn't forget anything, try typing `2' now; then
my insertion and my current dilemma will both disappear.

./solution.tex:288: Extra }, or forgotten \endgroup.
\par ...m \@noitemerr {\@@par }\fi \else {\@@par }
                                                  \fi 
l.288 
      
I've deleted a group-closing symbol because it seems to be
spurious, as in `$x}$'. But perhaps the } is legitimate and
you forgot something else, as in `\hbox{$x}'. In such cases
the way to recover is to insert both the forgotten and the
deleted material, e.g., by typing `I$}'.

./solution.tex:289: Missing $ inserted.
<inserted text> 
                $
l.289             \begin{array}{ll}
                                   
I've inserted a begin-math/end-math symbol since I think
you left one out. Proceed, with fingers crossed.

./solution.tex:293: Missing $ inserted.
<inserted text> 
                $
l.293             \end{array}
                             
I've inserted something that you may have forgotten.
(See the <inserted text> above.)
With luck, this will get me unwedged. But if you
really didn't forget anything, try typing `2' now; then
my insertion and my current dilemma will both disappear.


./solution.tex:294: LaTeX Error: Bad math environment delimiter.

See the LaTeX manual or LaTeX Companion for explanation.
Type  H <return>  for immediate help.
 ...                                              
                                                  
l.294         \]
                
Your command was ignored.
Type  I <command> <return>  to replace it with another command,
or  <return>  to continue without it.

./solution.tex:294: Missing $ inserted.
<inserted text> 
                $
l.294         \]
                
I've inserted something that you may have forgotten.
(See the <inserted text> above.)
With luck, this will get me unwedged. But if you
really didn't forget anything, try typing `2' now; then
my insertion and my current dilemma will both disappear.

./solution.tex:294: Display math should end with $$.
<to be read again> 
                   \endgroup 
l.294         \]
                
The `$' that I just saw supposedly matches a previous `$$'.
So I shall assume that you typed `$$' both times.

File: Adder.gv.pdf Graphic file (type pdf)
<use Adder.gv.pdf>
File: Adder.gv.pdf Graphic file (type pdf)
<use Adder.gv.pdf>
File: Adder.gv.pdf Graphic file (type pdf)
<use Adder.gv.pdf, page 1>
File: Adder.gv.pdf Graphic file (type pdf)
<use Adder.gv.pdf, page 1>
[6]
File: Adder.gv.pdf Graphic file (type pdf)
<use Adder.gv.pdf, page 1>
File: Adder.gv.pdf Graphic file (type pdf)
<use Adder.gv.pdf, page 1>

./solution.tex:299: Undefined control sequence.
<argument> \undefinedpagestyle 
                               
l.299     \includepdf{Adder.gv.pdf}
                                   
The control sequence at the end of the top line
of your error message was never \def'ed. If you have
misspelled it (e.g., `\hobx'), type `I' and the correct
spelling (e.g., `I\hbox'). Otherwise just continue,
and I'll forget about whatever was undefined.

File: Adder.gv.pdf Graphic file (type pdf)
<use Adder.gv.pdf, page 1>
[7] [8] (D:/github/Turing_Machine_for_Comparer/out/solution.aux) ) 
Here is how much of TeX's memory you used:
 3473 strings out of 476939
 48502 string characters out of 5826132
 365612 words of memory out of 5000000
 23413 multiletter control sequences out of 15000+600000
 405664 words of font info for 43 fonts, out of 8000000 for 9000
 1348 hyphenation exceptions out of 8191
 83i,17n,88p,246b,420s stack positions out of 5000i,500n,10000p,200000b,80000s

Output written on D:/github/Turing_Machine_for_Comparer/out/solution.pdf (8 pag
es).
